<?xml version="1.0" encoding="UTF-8" ?>
<testsuite tests="8" failures="1" name="cn.shinelon.test.UserControllerTest" time="0.379" errors="0" skipped="0">
  <properties>
[...]
</properties>
  <testcase classname="cn.shinelon.test.UserControllerTest" name="whenQuery" time="0.161"/>
  <testcase classname="cn.shinelon.test.UserControllerTest" name="whenQuerySuccess" time="0.022"/>
  <testcase classname="cn.shinelon.test.UserControllerTest" name="whenPostSuccess" time="0.117"/>
  <testcase classname="cn.shinelon.test.UserControllerTest" name="whenPutSuccess" time="0.014"/>
  <testcase classname="cn.shinelon.test.UserControllerTest" name="whenGetSuccess" time="0.017">
    <failure message="JSON path &quot;$.username&quot; expected:&lt;shinelon&gt; but was:&lt;null&gt;" type="java.lang.AssertionError">java.lang.AssertionError: JSON path &quot;$.username&quot; expected:&lt;shinelon&gt; but was:&lt;null&gt;
	at org.springframework.test.util.AssertionErrors.fail(AssertionErrors.java:54)
	at org.springframework.test.util.AssertionErrors.assertEquals(AssertionErrors.java:81)
	at org.springframework.test.util.JsonPathExpectationsHelper.assertValue(JsonPathExpectationsHelper.java:116)
	at org.springframework.test.web.servlet.result.JsonPathResultMatchers$2.match(JsonPathResultMatchers.java:100)
	at org.springframework.test.web.servlet.MockMvc$1.andExpect(MockMvc.java:171)
	at cn.shinelon.test.UserControllerTest.whenGetSuccess(UserControllerTest.java:90)
	at sun.reflect.NativeMethodAccessorImpl.invoke0(Native Method)
	at sun.reflect.NativeMethodAccessorImpl.invoke(NativeMethodAccessorImpl.java:62)
	at sun.reflect.DelegatingMethodAccessorImpl.invoke(DelegatingMethodAccessorImpl.java:43)
	at java.lang.reflect.Method.invoke(Method.java:498)
	at org.junit.runners.model.FrameworkMethod$1.runReflectiveCall(FrameworkMethod.java:50)
	at org.junit.internal.runners.model.ReflectiveCallable.run(ReflectiveCallable.java:12)
	at org.junit.runners.model.FrameworkMethod.invokeExplosively(FrameworkMethod.java:47)
	at org.junit.internal.runners.statements.InvokeMethod.evaluate(InvokeMethod.java:17)
	at org.junit.internal.runners.statements.RunBefores.evaluate(RunBefores.java:26)
	at org.springframework.test.context.junit4.statements.RunBeforeTestMethodCallbacks.evaluate(RunBeforeTestMethodCallbacks.java:75)
	at org.springframework.test.context.junit4.statements.RunAfterTestMethodCallbacks.evaluate(RunAfterTestMethodCallbacks.java:86)
	at org.springframework.test.context.junit4.statements.SpringRepeat.evaluate(SpringRepeat.java:84)
	at org.junit.runners.ParentRunner.runLeaf(ParentRunner.java:325)
	at org.springframework.test.context.junit4.SpringJUnit4ClassRunner.runChild(SpringJUnit4ClassRunner.java:252)
	at org.springframework.test.context.junit4.SpringJUnit4ClassRunner.runChild(SpringJUnit4ClassRunner.java:94)
	at org.junit.runners.ParentRunner$3.run(ParentRunner.java:290)
	at org.junit.runners.ParentRunner$1.schedule(ParentRunner.java:71)
	at org.junit.runners.ParentRunner.runChildren(ParentRunner.java:288)
	at org.junit.runners.ParentRunner.access$000(ParentRunner.java:58)
	at org.junit.runners.ParentRunner$2.evaluate(ParentRunner.java:268)
	at org.springframework.test.context.junit4.statements.RunBeforeTestClassCallbacks.evaluate(RunBeforeTestClassCallbacks.java:61)
	at org.springframework.test.context.junit4.statements.RunAfterTestClassCallbacks.evaluate(RunAfterTestClassCallbacks.java:70)
	at org.junit.runners.ParentRunner.run(ParentRunner.java:363)
	at org.springframework.test.context.junit4.SpringJUnit4ClassRunner.run(SpringJUnit4ClassRunner.java:191)
	at org.apache.maven.surefire.junit4.JUnit4Provider.execute(JUnit4Provider.java:252)
	at org.apache.maven.surefire.junit4.JUnit4Provider.executeTestSet(JUnit4Provider.java:141)
	at org.apache.maven.surefire.junit4.JUnit4Provider.invoke(JUnit4Provider.java:112)
	at sun.reflect.NativeMethodAccessorImpl.invoke0(Native Method)
	at sun.reflect.NativeMethodAccessorImpl.invoke(NativeMethodAccessorImpl.java:62)
	at sun.reflect.DelegatingMethodAccessorImpl.invoke(DelegatingMethodAccessorImpl.java:43)
	at java.lang.reflect.Method.invoke(Method.java:498)
	at org.apache.maven.surefire.util.ReflectionUtils.invokeMethodWithArray(ReflectionUtils.java:189)
	at org.apache.maven.surefire.booter.ProviderFactory$ProviderProxy.invoke(ProviderFactory.java:165)
	at org.apache.maven.surefire.booter.ProviderFactory.invokeProvider(ProviderFactory.java:85)
	at org.apache.maven.surefire.booter.ForkedBooter.runSuitesInProcess(ForkedBooter.java:115)
	at org.apache.maven.surefire.booter.ForkedBooter.main(ForkedBooter.java:75)
</failure>
    <system-out>2018-04-12 23:58:46.436  INFO 9548 --- [           main] o.s.b.t.m.w.SpringBootMockServletContext : Initializing Spring FrameworkServlet &apos;&apos;
2018-04-12 23:58:46.437  INFO 9548 --- [           main] o.s.t.web.servlet.TestDispatcherServlet  : FrameworkServlet &apos;&apos;: initialization started
2018-04-12 23:58:46.440  INFO 9548 --- [           main] o.s.t.web.servlet.TestDispatcherServlet  : FrameworkServlet &apos;&apos;: initialization completed in 3 ms
preHandle
cn.shinelon.controller.UserController$$EnhancerBySpringCGLIB$$b2fe7527
get
开始时间:1523548726442
apect start
arg is 1
最后耗时为:0
aspect end
postHandle
消耗的时间为:2
afterCompletion
最后耗时为:0
ex isnull
</system-out>
  </testcase>
  <testcase classname="cn.shinelon.test.UserControllerTest" name="whenDeleteSuccess" time="0.013"/>
  <testcase classname="cn.shinelon.test.UserControllerTest" name="fileUpload" time="0.019"/>
  <testcase classname="cn.shinelon.test.UserControllerTest" name="whenGetInfoSuccess" time="0.016"/>
</testsuite>